In file included from pdcserver.cpp:6:
In file included from ./pdcserver.hpp:8:
In file included from ./backend_ceph.hpp:5:
./type.h:19:10: fatal error: 'malloc.h' file not found
#include <malloc.h>
         ^
1 error generated.
In file included from backend_ceph.cpp:4:
./type.h:19:10: fatal error: 'malloc.h' file not found
#include <malloc.h>
         ^
1 error generated.
In file included from pipe.cpp:3:
./type.h:19:10: fatal error: 'malloc.h' file not found
#include <malloc.h>
         ^
1 error generated.
In file included from type.cc:4:
./type.h:19:10: fatal error: 'malloc.h' file not found
#include <malloc.h>
         ^
1 error generated.
